<?xml version="1.0" encoding="UTF-8"?>
<coverage generated="1571191360918" clover="3.2.0">
  <project timestamp="1571191360918" name="All files">
    <metrics statements="29" coveredstatements="18" conditionals="7" coveredconditionals="2" methods="18" coveredmethods="11" elements="54" coveredelements="31" complexity="0" loc="29" ncloc="29" packages="8" files="9" classes="9"/>
    <package name="src">
      <metrics statements="1" coveredstatements="1" conditionals="0" coveredconditionals="0" methods="1" coveredmethods="1"/>
      <file name="App.jsx" path="/home/brayan.lara/Desktop/Apps/belloterio/src/App.jsx">
        <metrics statements="1" coveredstatements="1" conditionals="0" coveredconditionals="0" methods="1" coveredmethods="1"/>
        <line num="9" count="1" type="stmt"/>
      </file>
    </package>
    <package name="src.actions">
      <metrics statements="6" coveredstatements="3" conditionals="0" coveredconditionals="0" methods="5" coveredmethods="2"/>
      <file name="apiCall.js" path="/home/brayan.lara/Desktop/Apps/belloterio/src/actions/apiCall.js">
        <metrics statements="6" coveredstatements="3" conditionals="0" coveredconditionals="0" methods="5" coveredmethods="2"/>
        <line num="4" count="2" type="stmt"/>
        <line num="9" count="2" type="stmt"/>
        <line num="10" count="1" type="stmt"/>
        <line num="12" count="0" type="stmt"/>
        <line num="13" count="0" type="stmt"/>
        <line num="16" count="0" type="stmt"/>
      </file>
    </package>
    <package name="src.constants">
      <metrics statements="1" coveredstatements="1" conditionals="0" coveredconditionals="0" methods="0" coveredmethods="0"/>
      <file name="types.js" path="/home/brayan.lara/Desktop/Apps/belloterio/src/constants/types.js">
        <metrics statements="1" coveredstatements="1" conditionals="0" coveredconditionals="0" methods="0" coveredmethods="0"/>
        <line num="1" count="2" type="stmt"/>
      </file>
    </package>
    <package name="src.reducers">
      <metrics statements="6" coveredstatements="0" conditionals="3" coveredconditionals="0" methods="1" coveredmethods="0"/>
      <file name="Belloterio.js" path="/home/brayan.lara/Desktop/Apps/belloterio/src/reducers/Belloterio.js">
        <metrics statements="5" coveredstatements="0" conditionals="3" coveredconditionals="0" methods="1" coveredmethods="0"/>
        <line num="3" count="0" type="stmt"/>
        <line num="5" count="0" type="cond" truecount="0" falsecount="1"/>
        <line num="6" count="0" type="cond" truecount="0" falsecount="2"/>
        <line num="8" count="0" type="stmt"/>
        <line num="13" count="0" type="stmt"/>
      </file>
      <file name="Reducer.js" path="/home/brayan.lara/Desktop/Apps/belloterio/src/reducers/Reducer.js">
        <metrics statements="1" coveredstatements="0" conditionals="0" coveredconditionals="0" methods="0" coveredmethods="0"/>
        <line num="4" count="0" type="stmt"/>
      </file>
    </package>
    <package name="src.services">
      <metrics statements="3" coveredstatements="3" conditionals="0" coveredconditionals="0" methods="4" coveredmethods="1"/>
      <file name="dataApi.js" path="/home/brayan.lara/Desktop/Apps/belloterio/src/services/dataApi.js">
        <metrics statements="3" coveredstatements="3" conditionals="0" coveredconditionals="0" methods="4" coveredmethods="1"/>
        <line num="3" count="2" type="stmt"/>
        <line num="8" count="2" type="stmt"/>
        <line num="9" count="2" type="stmt"/>
      </file>
    </package>
    <package name="src.shared.components.GlobalNav">
      <metrics statements="9" coveredstatements="9" conditionals="2" coveredconditionals="2" methods="6" coveredmethods="6"/>
      <file name="GlobalNav.jsx" path="/home/brayan.lara/Desktop/Apps/belloterio/src/shared/components/GlobalNav/GlobalNav.jsx">
        <metrics statements="9" coveredstatements="9" conditionals="2" coveredconditionals="2" methods="6" coveredmethods="6"/>
        <line num="13" count="3" type="stmt"/>
        <line num="14" count="3" type="stmt"/>
        <line num="18" count="4" type="stmt"/>
        <line num="19" count="4" type="stmt"/>
        <line num="29" count="4" type="stmt"/>
        <line num="43" count="2" type="stmt"/>
        <line num="48" count="2" type="stmt"/>
        <line num="52" count="2" type="stmt"/>
        <line num="56" count="2" type="stmt"/>
      </file>
    </package>
    <package name="src.store">
      <metrics statements="2" coveredstatements="0" conditionals="2" coveredconditionals="0" methods="0" coveredmethods="0"/>
      <file name="store.js" path="/home/brayan.lara/Desktop/Apps/belloterio/src/store/store.js">
        <metrics statements="2" coveredstatements="0" conditionals="2" coveredconditionals="0" methods="0" coveredmethods="0"/>
        <line num="5" count="0" type="cond" truecount="0" falsecount="2"/>
        <line num="6" count="0" type="stmt"/>
      </file>
    </package>
    <package name="src.views.Testimonials">
      <metrics statements="1" coveredstatements="1" conditionals="0" coveredconditionals="0" methods="1" coveredmethods="1"/>
      <file name="Testimonials.jsx" path="/home/brayan.lara/Desktop/Apps/belloterio/src/views/Testimonials/Testimonials.jsx">
        <metrics statements="1" coveredstatements="1" conditionals="0" coveredconditionals="0" methods="1" coveredmethods="1"/>
        <line num="8" count="1" type="stmt"/>
      </file>
    </package>
  </project>
</coverage>
