{"/home/brayan.lara/Desktop/Apps/belloterio/src/App.jsx": {"path":"/home/brayan.lara/Desktop/Apps/belloterio/src/App.jsx","statementMap":{"0":{"start":{"line":9,"column":2},"end":{"line":19,"column":3}}},"fnMap":{"0":{"name":"App","decl":{"start":{"line":8,"column":9},"end":{"line":8,"column":12}},"loc":{"start":{"line":8,"column":15},"end":{"line":20,"column":1}},"line":8}},"branchMap":{},"s":{"0":1},"f":{"0":1},"b":{},"_coverageSchema":"43e27e138ebf9cfc5966b082cf9a028302ed4184","hash":"ecfefa5d3eb6ac62e918fb2ca984a90c27c138c9"}
,"/home/brayan.lara/Desktop/Apps/belloterio/src/actions/apiCall.js": {"path":"/home/brayan.lara/Desktop/Apps/belloterio/src/actions/apiCall.js","statementMap":{"0":{"start":{"line":4,"column":22},"end":{"line":7,"column":2}},"1":{"start":{"line":4,"column":32},"end":{"line":7,"column":1}},"2":{"start":{"line":9,"column":27},"end":{"line":17,"column":6}},"3":{"start":{"line":9,"column":33},"end":{"line":17,"column":6}},"4":{"start":{"line":10,"column":2},"end":{"line":17,"column":6}},"5":{"start":{"line":12,"column":24},"end":{"line":12,"column":32}},"6":{"start":{"line":13,"column":6},"end":{"line":13,"column":29}},"7":{"start":{"line":16,"column":6},"end":{"line":16,"column":24}}},"fnMap":{"0":{"name":"(anonymous_0)","decl":{"start":{"line":4,"column":22},"end":{"line":4,"column":23}},"loc":{"start":{"line":4,"column":32},"end":{"line":7,"column":1}},"line":4},"1":{"name":"(anonymous_1)","decl":{"start":{"line":9,"column":27},"end":{"line":9,"column":28}},"loc":{"start":{"line":9,"column":33},"end":{"line":17,"column":6}},"line":9},"2":{"name":"(anonymous_2)","decl":{"start":{"line":9,"column":33},"end":{"line":9,"column":34}},"loc":{"start":{"line":10,"column":2},"end":{"line":17,"column":6}},"line":10},"3":{"name":"(anonymous_3)","decl":{"start":{"line":11,"column":10},"end":{"line":11,"column":11}},"loc":{"start":{"line":11,"column":22},"end":{"line":14,"column":5}},"line":11},"4":{"name":"(anonymous_4)","decl":{"start":{"line":15,"column":11},"end":{"line":15,"column":12}},"loc":{"start":{"line":15,"column":20},"end":{"line":17,"column":5}},"line":15}},"branchMap":{},"s":{"0":2,"1":0,"2":2,"3":1,"4":1,"5":0,"6":0,"7":0},"f":{"0":0,"1":1,"2":1,"3":0,"4":0},"b":{},"_coverageSchema":"43e27e138ebf9cfc5966b082cf9a028302ed4184","hash":"7eb4f363963d1e98c29c7adfb3bfd5deb37e42be"}
,"/home/brayan.lara/Desktop/Apps/belloterio/src/constants/types.js": {"path":"/home/brayan.lara/Desktop/Apps/belloterio/src/constants/types.js","statementMap":{"0":{"start":{"line":1,"column":24},"end":{"line":1,"column":34}}},"fnMap":{},"branchMap":{},"s":{"0":2},"f":{},"b":{},"_coverageSchema":"43e27e138ebf9cfc5966b082cf9a028302ed4184","hash":"b60e298f167f01e204483e41733a696fd1233715"}
,"/home/brayan.lara/Desktop/Apps/belloterio/src/reducers/Belloterio.js": {"path":"/home/brayan.lara/Desktop/Apps/belloterio/src/reducers/Belloterio.js","statementMap":{"0":{"start":{"line":3,"column":21},"end":{"line":3,"column":23}},"1":{"start":{"line":5,"column":19},"end":{"line":15,"column":1}},"2":{"start":{"line":6,"column":2},"end":{"line":14,"column":3}},"3":{"start":{"line":8,"column":6},"end":{"line":11,"column":7}},"4":{"start":{"line":13,"column":6},"end":{"line":13,"column":18}}},"fnMap":{"0":{"name":"(anonymous_0)","decl":{"start":{"line":5,"column":19},"end":{"line":5,"column":20}},"loc":{"start":{"line":5,"column":53},"end":{"line":15,"column":1}},"line":5}},"branchMap":{"0":{"loc":{"start":{"line":5,"column":20},"end":{"line":5,"column":40}},"type":"default-arg","locations":[{"start":{"line":5,"column":28},"end":{"line":5,"column":40}}],"line":5},"1":{"loc":{"start":{"line":6,"column":2},"end":{"line":14,"column":3}},"type":"switch","locations":[{"start":{"line":7,"column":4},"end":{"line":11,"column":7}},{"start":{"line":12,"column":4},"end":{"line":13,"column":18}}],"line":6}},"s":{"0":0,"1":0,"2":0,"3":0,"4":0},"f":{"0":0},"b":{"0":[0],"1":[0,0]},"hash":"3364609e6c3135db037b4ee6a4890227cff9c836"}
,"/home/brayan.lara/Desktop/Apps/belloterio/src/reducers/Reducer.js": {"path":"/home/brayan.lara/Desktop/Apps/belloterio/src/reducers/Reducer.js","statementMap":{"0":{"start":{"line":4,"column":20},"end":{"line":6,"column":2}}},"fnMap":{},"branchMap":{},"s":{"0":0},"f":{},"b":{},"hash":"3a57585af8c2965a74749eb06efe7284b5202a23"}
,"/home/brayan.lara/Desktop/Apps/belloterio/src/services/dataApi.js": {"path":"/home/brayan.lara/Desktop/Apps/belloterio/src/services/dataApi.js","statementMap":{"0":{"start":{"line":3,"column":20},"end":{"line":6,"column":2}},"1":{"start":{"line":8,"column":29},"end":{"line":8,"column":97}},"2":{"start":{"line":8,"column":35},"end":{"line":8,"column":97}},"3":{"start":{"line":8,"column":92},"end":{"line":8,"column":96}},"4":{"start":{"line":9,"column":32},"end":{"line":9,"column":106}},"5":{"start":{"line":9,"column":38},"end":{"line":9,"column":106}},"6":{"start":{"line":9,"column":99},"end":{"line":9,"column":105}}},"fnMap":{"0":{"name":"(anonymous_0)","decl":{"start":{"line":8,"column":29},"end":{"line":8,"column":30}},"loc":{"start":{"line":8,"column":35},"end":{"line":8,"column":97}},"line":8},"1":{"name":"(anonymous_1)","decl":{"start":{"line":8,"column":68},"end":{"line":8,"column":69}},"loc":{"start":{"line":8,"column":92},"end":{"line":8,"column":96}},"line":8},"2":{"name":"(anonymous_2)","decl":{"start":{"line":9,"column":32},"end":{"line":9,"column":33}},"loc":{"start":{"line":9,"column":38},"end":{"line":9,"column":106}},"line":9},"3":{"name":"(anonymous_3)","decl":{"start":{"line":9,"column":73},"end":{"line":9,"column":74}},"loc":{"start":{"line":9,"column":99},"end":{"line":9,"column":105}},"line":9}},"branchMap":{},"s":{"0":2,"1":2,"2":1,"3":0,"4":2,"5":0,"6":0},"f":{"0":1,"1":0,"2":0,"3":0},"b":{},"_coverageSchema":"43e27e138ebf9cfc5966b082cf9a028302ed4184","hash":"2cbd599b71a4afb1ea065644e22444f975d2fc75"}
,"/home/brayan.lara/Desktop/Apps/belloterio/src/shared/components/GlobalNav/GlobalNav.jsx": {"path":"/home/brayan.lara/Desktop/Apps/belloterio/src/shared/components/GlobalNav/GlobalNav.jsx","statementMap":{"0":{"start":{"line":13,"column":28},"end":{"line":13,"column":38}},"1":{"start":{"line":14,"column":4},"end":{"line":14,"column":17}},"2":{"start":{"line":18,"column":25},"end":{"line":18,"column":35}},"3":{"start":{"line":19,"column":4},"end":{"line":39,"column":5}},"4":{"start":{"line":29,"column":18},"end":{"line":33,"column":23}},"5":{"start":{"line":43,"column":0},"end":{"line":46,"column":1}},"6":{"start":{"line":48,"column":0},"end":{"line":50,"column":1}},"7":{"start":{"line":52,"column":24},"end":{"line":54,"column":2}},"8":{"start":{"line":52,"column":45},"end":{"line":54,"column":1}},"9":{"start":{"line":56,"column":27},"end":{"line":56,"column":87}},"10":{"start":{"line":56,"column":40},"end":{"line":56,"column":86}},"11":{"start":{"line":56,"column":61},"end":{"line":56,"column":84}}},"fnMap":{"0":{"name":"(anonymous_0)","decl":{"start":{"line":12,"column":2},"end":{"line":12,"column":3}},"loc":{"start":{"line":12,"column":22},"end":{"line":15,"column":3}},"line":12},"1":{"name":"(anonymous_1)","decl":{"start":{"line":17,"column":2},"end":{"line":17,"column":3}},"loc":{"start":{"line":17,"column":11},"end":{"line":40,"column":3}},"line":17},"2":{"name":"(anonymous_2)","decl":{"start":{"line":28,"column":29},"end":{"line":28,"column":30}},"loc":{"start":{"line":29,"column":18},"end":{"line":33,"column":23}},"line":29},"3":{"name":"(anonymous_3)","decl":{"start":{"line":52,"column":24},"end":{"line":52,"column":25}},"loc":{"start":{"line":52,"column":45},"end":{"line":54,"column":1}},"line":52},"4":{"name":"(anonymous_4)","decl":{"start":{"line":56,"column":27},"end":{"line":56,"column":28}},"loc":{"start":{"line":56,"column":40},"end":{"line":56,"column":86}},"line":56},"5":{"name":"(anonymous_5)","decl":{"start":{"line":56,"column":55},"end":{"line":56,"column":56}},"loc":{"start":{"line":56,"column":61},"end":{"line":56,"column":84}},"line":56}},"branchMap":{"0":{"loc":{"start":{"line":27,"column":15},"end":{"line":34,"column":18}},"type":"binary-expr","locations":[{"start":{"line":27,"column":15},"end":{"line":27,"column":23}},{"start":{"line":28,"column":16},"end":{"line":34,"column":18}}],"line":27}},"s":{"0":3,"1":3,"2":4,"3":4,"4":4,"5":2,"6":2,"7":2,"8":2,"9":2,"10":2,"11":1},"f":{"0":3,"1":4,"2":4,"3":2,"4":2,"5":1},"b":{"0":[4,4]},"_coverageSchema":"43e27e138ebf9cfc5966b082cf9a028302ed4184","hash":"e97e545419b3e2c561eae1a4388ff39fbd2cad78"}
,"/home/brayan.lara/Desktop/Apps/belloterio/src/store/store.js": {"path":"/home/brayan.lara/Desktop/Apps/belloterio/src/store/store.js","statementMap":{"0":{"start":{"line":5,"column":25},"end":{"line":5,"column":79}},"1":{"start":{"line":6,"column":14},"end":{"line":6,"column":90}}},"fnMap":{},"branchMap":{"0":{"loc":{"start":{"line":5,"column":25},"end":{"line":5,"column":79}},"type":"binary-expr","locations":[{"start":{"line":5,"column":25},"end":{"line":5,"column":68}},{"start":{"line":5,"column":72},"end":{"line":5,"column":79}}],"line":5}},"s":{"0":0,"1":0},"f":{},"b":{"0":[0,0]},"hash":"f5253c2ca280248fdfec3005afb126037ba7382f"}
,"/home/brayan.lara/Desktop/Apps/belloterio/src/views/Testimonials/Testimonials.jsx": {"path":"/home/brayan.lara/Desktop/Apps/belloterio/src/views/Testimonials/Testimonials.jsx","statementMap":{"0":{"start":{"line":8,"column":2},"end":{"line":14,"column":3}}},"fnMap":{"0":{"name":"Testimonials","decl":{"start":{"line":7,"column":9},"end":{"line":7,"column":21}},"loc":{"start":{"line":7,"column":24},"end":{"line":15,"column":1}},"line":7}},"branchMap":{},"s":{"0":1},"f":{"0":1},"b":{},"_coverageSchema":"43e27e138ebf9cfc5966b082cf9a028302ed4184","hash":"7a73984fd42c5bbe5a5bd6c61fb8f87ad19f30ae"}
}
