TN:
SF:/home/brayan.lara/Desktop/Apps/belloterio/src/App.jsx
FN:8,App
FNF:1
FNH:1
FNDA:1,App
DA:9,1
LF:1
LH:1
BRF:0
BRH:0
end_of_record
TN:
SF:/home/brayan.lara/Desktop/Apps/belloterio/src/actions/apiCall.js
FN:4,(anonymous_0)
FN:9,(anonymous_1)
FN:9,(anonymous_2)
FN:11,(anonymous_3)
FN:15,(anonymous_4)
FNF:5
FNH:2
FNDA:0,(anonymous_0)
FNDA:1,(anonymous_1)
FNDA:1,(anonymous_2)
FNDA:0,(anonymous_3)
FNDA:0,(anonymous_4)
DA:4,2
DA:9,2
DA:10,1
DA:12,0
DA:13,0
DA:16,0
LF:6
LH:3
BRF:0
BRH:0
end_of_record
TN:
SF:/home/brayan.lara/Desktop/Apps/belloterio/src/constants/types.js
FNF:0
FNH:0
DA:1,2
LF:1
LH:1
BRF:0
BRH:0
end_of_record
TN:
SF:/home/brayan.lara/Desktop/Apps/belloterio/src/reducers/Belloterio.js
FN:5,(anonymous_0)
FNF:1
FNH:0
FNDA:0,(anonymous_0)
DA:3,0
DA:5,0
DA:6,0
DA:8,0
DA:13,0
LF:5
LH:0
BRDA:5,0,0,0
BRDA:6,1,0,0
BRDA:6,1,1,0
BRF:3
BRH:0
end_of_record
TN:
SF:/home/brayan.lara/Desktop/Apps/belloterio/src/reducers/Reducer.js
FNF:0
FNH:0
DA:4,0
LF:1
LH:0
BRF:0
BRH:0
end_of_record
TN:
SF:/home/brayan.lara/Desktop/Apps/belloterio/src/services/dataApi.js
FN:8,(anonymous_0)
FN:8,(anonymous_1)
FN:9,(anonymous_2)
FN:9,(anonymous_3)
FNF:4
FNH:1
FNDA:1,(anonymous_0)
FNDA:0,(anonymous_1)
FNDA:0,(anonymous_2)
FNDA:0,(anonymous_3)
DA:3,2
DA:8,2
DA:9,2
LF:3
LH:3
BRF:0
BRH:0
end_of_record
TN:
SF:/home/brayan.lara/Desktop/Apps/belloterio/src/shared/components/GlobalNav/GlobalNav.jsx
FN:12,(anonymous_0)
FN:17,(anonymous_1)
FN:28,(anonymous_2)
FN:52,(anonymous_3)
FN:56,(anonymous_4)
FN:56,(anonymous_5)
FNF:6
FNH:6
FNDA:3,(anonymous_0)
FNDA:4,(anonymous_1)
FNDA:4,(anonymous_2)
FNDA:2,(anonymous_3)
FNDA:2,(anonymous_4)
FNDA:1,(anonymous_5)
DA:13,3
DA:14,3
DA:18,4
DA:19,4
DA:29,4
DA:43,2
DA:48,2
DA:52,2
DA:56,2
LF:9
LH:9
BRDA:27,0,0,4
BRDA:27,0,1,4
BRF:2
BRH:2
end_of_record
TN:
SF:/home/brayan.lara/Desktop/Apps/belloterio/src/store/store.js
FNF:0
FNH:0
DA:5,0
DA:6,0
LF:2
LH:0
BRDA:5,0,0,0
BRDA:5,0,1,0
BRF:2
BRH:0
end_of_record
TN:
SF:/home/brayan.lara/Desktop/Apps/belloterio/src/views/Testimonials/Testimonials.jsx
FN:7,Testimonials
FNF:1
FNH:1
FNDA:1,Testimonials
DA:8,1
LF:1
LH:1
BRF:0
BRH:0
end_of_record
